<?xml version="1.0" encoding="UTF-8"?>
<testsuite xmlns:xsi="http://www.w3.org/2001/XMLSchema-instance" xsi:noNamespaceSchemaLocation="https://maven.apache.org/surefire/maven-surefire-plugin/xsd/surefire-test-report-3.0.xsd" version="3.0" name="TestSuite" time="8.473" tests="5" errors="0" skipped="0" failures="0">
  <properties>
[...]
</properties>
  <testcase name="shouldAnswerWithTrue" classname="com.restapi.AppTest" time="0.011">
    <system-out><![CDATA[23:04:23,113 |-INFO in ch.qos.logback.classic.LoggerContext[default] - This is logback-classic version 1.4.11
23:04:23,116 |-INFO in ch.qos.logback.classic.util.ContextInitializer@7f552bd3 - No custom configurators were discovered as a service.
23:04:23,116 |-INFO in ch.qos.logback.classic.util.ContextInitializer@7f552bd3 - Trying to configure with ch.qos.logback.classic.joran.SerializedModelConfigurator
23:04:23,117 |-INFO in ch.qos.logback.classic.util.ContextInitializer@7f552bd3 - Constructed configurator of type class ch.qos.logback.classic.joran.SerializedModelConfigurator
23:04:23,143 |-INFO in ch.qos.logback.classic.LoggerContext[default] - Could NOT find resource [logback-test.scmo]
23:04:23,143 |-INFO in ch.qos.logback.classic.LoggerContext[default] - Could NOT find resource [logback.scmo]
23:04:23,150 |-INFO in ch.qos.logback.classic.util.ContextInitializer@7f552bd3 - ch.qos.logback.classic.joran.SerializedModelConfigurator.configure() call lasted 26 milliseconds. ExecutionStatus=INVOKE_NEXT_IF_ANY
23:04:23,150 |-INFO in ch.qos.logback.classic.util.ContextInitializer@7f552bd3 - Trying to configure with ch.qos.logback.classic.util.DefaultJoranConfigurator
23:04:23,151 |-INFO in ch.qos.logback.classic.util.ContextInitializer@7f552bd3 - Constructed configurator of type class ch.qos.logback.classic.util.DefaultJoranConfigurator
23:04:23,151 |-INFO in ch.qos.logback.classic.LoggerContext[default] - Could NOT find resource [logback-test.xml]
23:04:23,155 |-INFO in ch.qos.logback.classic.LoggerContext[default] - Found resource [logback.xml] at [file:/C:/Users/mdjaf/RestAPI_RestAssured_Training/RestAssuredProject/petstore/target/test-classes/logback.xml]
23:04:23,281 |-INFO in ch.qos.logback.core.model.processor.AppenderModelHandler - Processing appender named [FILE]
23:04:23,281 |-INFO in ch.qos.logback.core.model.processor.AppenderModelHandler - About to instantiate appender of type [ch.qos.logback.core.FileAppender]
23:04:23,294 |-INFO in ch.qos.logback.core.model.processor.ImplicitModelHandler - Assuming default type [ch.qos.logback.classic.encoder.PatternLayoutEncoder] for [encoder] property
23:04:23,314 |-INFO in ch.qos.logback.core.FileAppender[FILE] - File property is set to [./logs/logfile.log]
23:04:23,316 |-INFO in ch.qos.logback.classic.model.processor.RootLoggerModelHandler - Setting level of ROOT logger to INFO
23:04:23,317 |-INFO in ch.qos.logback.core.model.processor.AppenderRefModelHandler - Attaching appender named [FILE] to Logger[ROOT]
23:04:23,317 |-INFO in ch.qos.logback.core.model.processor.DefaultProcessor@55141def - End of configuration.
23:04:23,318 |-INFO in ch.qos.logback.classic.joran.JoranConfigurator@4218d6a3 - Registering current configuration as safe fallback point
23:04:23,318 |-INFO in ch.qos.logback.classic.util.ContextInitializer@7f552bd3 - ch.qos.logback.classic.util.DefaultJoranConfigurator.configure() call lasted 167 milliseconds. ExecutionStatus=DO_NOT_INVOKE_NEXT_IF_ANY
]]></system-out>
  </testcase>
  <testcase name="testPostUser" classname="com.restapi.test.BasicTests" time="2.6">
    <system-out><![CDATA[HTTP/1.1 200 OK
Date: Sat, 21 Oct 2023 17:34:26 GMT
Content-Type: application/json
Transfer-Encoding: chunked
Connection: keep-alive
Access-Control-Allow-Origin: *
Access-Control-Allow-Methods: GET, POST, DELETE, PUT
Access-Control-Allow-Headers: Content-Type, api_key, Authorization
Server: Jetty(9.2.9.v20150224)

{
    "code": 200,
    "type": "unknown",
    "message": "864138492"
}
]]></system-out>
  </testcase>
  <testcase name="testGetUserByName" classname="com.restapi.test.BasicTests" time="1.206">
    <system-out><![CDATA[HTTP/1.1 200 OK
Date: Sat, 21 Oct 2023 17:34:27 GMT
Content-Type: application/json
Transfer-Encoding: chunked
Connection: keep-alive
Access-Control-Allow-Origin: *
Access-Control-Allow-Methods: GET, POST, DELETE, PUT
Access-Control-Allow-Headers: Content-Type, api_key, Authorization
Server: Jetty(9.2.9.v20150224)

{
    "id": 864138492,
    "username": "jacinta.smith",
    "firstName": "Tanna",
    "lastName": "Zboncak",
    "email": "hannah.hartmann@example.com",
    "password": "sorebjt",
    "phone": "1-899-970-8972",
    "userStatus": 0
}
]]></system-out>
  </testcase>
  <testcase name="testUpdateUserByName" classname="com.restapi.test.BasicTests" time="2.4">
    <system-out><![CDATA[{
    "code": 200,
    "type": "unknown",
    "message": "864138492"
}
]]></system-out>
  </testcase>
  <testcase name="testDeleteUserByName" classname="com.restapi.test.BasicTests" time="1.203"/>
</testsuite>