<?xml version="1.0" encoding="UTF-8"?>
<!-- Generated by org.testng.reporters.JUnitXMLReporter -->
<testsuite ignored="0" hostname="LAPTOP-FQAD0GH9" failures="0" tests="5" name="PetTests" time="7.72" errors="0" timestamp="2023-10-21T23:04:31 IST">
  <testcase classname="com.restapi.AppTest" name="shouldAnswerWithTrue" time="0.005"/>
  <testcase classname="com.restapi.test.BasicTests" name="testPostUser" time="2.599"/>
  <testcase classname="com.restapi.test.BasicTests" name="testGetUserByName" time="1.203"/>
  <testcase classname="com.restapi.test.BasicTests" name="testUpdateUserByName" time="2.4"/>
  <testcase classname="com.restapi.test.BasicTests" name="testDeleteUserByName" time="1.202"/>
</testsuite> <!-- PetTests -->
